{"/Users/tnc/Desktop/Practice/RiskProfileApp/src/components/CustomButton/CustomButton.tsx": {"path":"/Users/tnc/Desktop/Practice/RiskProfileApp/src/components/CustomButton/CustomButton.tsx","statementMap":{"0":{"start":{"line":6,"column":50},"end":{"line":22,"column":1}},"1":{"start":{"line":14,"column":2},"end":{"line":21,"column":4}}},"fnMap":{"0":{"name":"(anonymous_0)","decl":{"start":{"line":6,"column":50},"end":{"line":6,"column":51}},"loc":{"start":{"line":13,"column":6},"end":{"line":22,"column":1}},"line":13}},"branchMap":{"0":{"loc":{"start":{"line":9,"column":2},"end":{"line":9,"column":16}},"type":"default-arg","locations":[{"start":{"line":9,"column":10},"end":{"line":9,"column":16}}],"line":9},"1":{"loc":{"start":{"line":10,"column":2},"end":{"line":10,"column":31}},"type":"default-arg","locations":[{"start":{"line":10,"column":20},"end":{"line":10,"column":31}}],"line":10},"2":{"loc":{"start":{"line":11,"column":2},"end":{"line":11,"column":26}},"type":"default-arg","locations":[{"start":{"line":11,"column":14},"end":{"line":11,"column":26}}],"line":11},"3":{"loc":{"start":{"line":12,"column":2},"end":{"line":12,"column":26}},"type":"default-arg","locations":[{"start":{"line":12,"column":11},"end":{"line":12,"column":26}}],"line":12}},"s":{"0":2,"1":10},"f":{"0":10},"b":{"0":[1],"1":[1],"2":[1],"3":[8]},"_coverageSchema":"1a1c01bbd47fc00a2c39e90264f33305004495a9","hash":"e677866446c5a33d4cec846a86ab536331bb33dd"}
,"/Users/tnc/Desktop/Practice/RiskProfileApp/src/components/CustomButton/styles.ts": {"path":"/Users/tnc/Desktop/Practice/RiskProfileApp/src/components/CustomButton/styles.ts","statementMap":{"0":{"start":{"line":4,"column":22},"end":{"line":19,"column":2}}},"fnMap":{},"branchMap":{},"s":{"0":2},"f":{},"b":{},"_coverageSchema":"1a1c01bbd47fc00a2c39e90264f33305004495a9","hash":"b79782ecbfdf99ff1f705c9baffabf6cfd05284c"}
,"/Users/tnc/Desktop/Practice/RiskProfileApp/src/components/Question/Questions.tsx": {"path":"/Users/tnc/Desktop/Practice/RiskProfileApp/src/components/Question/Questions.tsx","statementMap":{"0":{"start":{"line":17,"column":5},"end":{"line":32,"column":1}},"1":{"start":{"line":18,"column":2},"end":{"line":31,"column":4}},"2":{"start":{"line":21,"column":21},"end":{"line":21,"column":37}},"3":{"start":{"line":34,"column":46},"end":{"line":66,"column":1}},"4":{"start":{"line":35,"column":30},"end":{"line":35,"column":34}},"5":{"start":{"line":36,"column":19},"end":{"line":36,"column":32}},"6":{"start":{"line":38,"column":23},"end":{"line":43,"column":3}},"7":{"start":{"line":40,"column":6},"end":{"line":40,"column":60}},"8":{"start":{"line":45,"column":47},"end":{"line":54,"column":3}},"9":{"start":{"line":47,"column":6},"end":{"line":51,"column":8}},"10":{"start":{"line":56,"column":2},"end":{"line":65,"column":4}},"11":{"start":{"line":62,"column":30},"end":{"line":62,"column":41}}},"fnMap":{"0":{"name":"(anonymous_0)","decl":{"start":{"line":17,"column":5},"end":{"line":17,"column":6}},"loc":{"start":{"line":17,"column":41},"end":{"line":32,"column":1}},"line":17},"1":{"name":"(anonymous_1)","decl":{"start":{"line":21,"column":15},"end":{"line":21,"column":16}},"loc":{"start":{"line":21,"column":21},"end":{"line":21,"column":37}},"line":21},"2":{"name":"(anonymous_2)","decl":{"start":{"line":34,"column":46},"end":{"line":34,"column":47}},"loc":{"start":{"line":34,"column":74},"end":{"line":66,"column":1}},"line":34},"3":{"name":"(anonymous_3)","decl":{"start":{"line":39,"column":4},"end":{"line":39,"column":5}},"loc":{"start":{"line":39,"column":24},"end":{"line":41,"column":5}},"line":39},"4":{"name":"(anonymous_4)","decl":{"start":{"line":46,"column":4},"end":{"line":46,"column":5}},"loc":{"start":{"line":47,"column":6},"end":{"line":51,"column":8}},"line":47},"5":{"name":"(anonymous_5)","decl":{"start":{"line":62,"column":22},"end":{"line":62,"column":23}},"loc":{"start":{"line":62,"column":30},"end":{"line":62,"column":41}},"line":62}},"branchMap":{"0":{"loc":{"start":{"line":20,"column":29},"end":{"line":20,"column":64}},"type":"binary-expr","locations":[{"start":{"line":20,"column":29},"end":{"line":20,"column":39}},{"start":{"line":20,"column":43},"end":{"line":20,"column":64}}],"line":20},"1":{"loc":{"start":{"line":23,"column":36},"end":{"line":23,"column":76}},"type":"binary-expr","locations":[{"start":{"line":23,"column":36},"end":{"line":23,"column":46}},{"start":{"line":23,"column":50},"end":{"line":23,"column":76}}],"line":23},"2":{"loc":{"start":{"line":24,"column":9},"end":{"line":24,"column":57}},"type":"binary-expr","locations":[{"start":{"line":24,"column":9},"end":{"line":24,"column":19}},{"start":{"line":24,"column":23},"end":{"line":24,"column":57}}],"line":24},"3":{"loc":{"start":{"line":27,"column":35},"end":{"line":27,"column":74}},"type":"binary-expr","locations":[{"start":{"line":27,"column":35},"end":{"line":27,"column":45}},{"start":{"line":27,"column":49},"end":{"line":27,"column":74}}],"line":27}},"s":{"0":2,"1":156,"2":1,"3":2,"4":42,"5":42,"6":42,"7":1,"8":42,"9":156,"10":42,"11":198},"f":{"0":156,"1":1,"2":42,"3":1,"4":156,"5":198},"b":{"0":[156,12],"1":[156,12],"2":[156,12],"3":[156,12]},"_coverageSchema":"1a1c01bbd47fc00a2c39e90264f33305004495a9","hash":"a49c244598f4590bf97a856deaefc9b9659e9389"}
,"/Users/tnc/Desktop/Practice/RiskProfileApp/src/components/Question/styles.ts": {"path":"/Users/tnc/Desktop/Practice/RiskProfileApp/src/components/Question/styles.ts","statementMap":{"0":{"start":{"line":4,"column":22},"end":{"line":61,"column":2}}},"fnMap":{},"branchMap":{},"s":{"0":2},"f":{},"b":{},"_coverageSchema":"1a1c01bbd47fc00a2c39e90264f33305004495a9","hash":"6f3eb8fe0768ada86a5dbf1f13b67cbe2d9a43cd"}
,"/Users/tnc/Desktop/Practice/RiskProfileApp/src/navigation/AppNavigator.tsx": {"path":"/Users/tnc/Desktop/Practice/RiskProfileApp/src/navigation/AppNavigator.tsx","statementMap":{"0":{"start":{"line":8,"column":14},"end":{"line":8,"column":36}},"1":{"start":{"line":10,"column":31},"end":{"line":47,"column":1}},"2":{"start":{"line":11,"column":2},"end":{"line":46,"column":4}}},"fnMap":{"0":{"name":"(anonymous_0)","decl":{"start":{"line":10,"column":31},"end":{"line":10,"column":32}},"loc":{"start":{"line":10,"column":37},"end":{"line":47,"column":1}},"line":10}},"branchMap":{},"s":{"0":0,"1":0,"2":0},"f":{"0":0},"b":{}}
,"/Users/tnc/Desktop/Practice/RiskProfileApp/src/screens/Questionnaire/QuestionnaireScreen.tsx": {"path":"/Users/tnc/Desktop/Practice/RiskProfileApp/src/screens/Questionnaire/QuestionnaireScreen.tsx","statementMap":{"0":{"start":{"line":14,"column":57},"end":{"line":83,"column":1}},"1":{"start":{"line":15,"column":19},"end":{"line":15,"column":32}},"2":{"start":{"line":16,"column":27},"end":{"line":18,"column":3}},"3":{"start":{"line":17,"column":26},"end":{"line":17,"column":45}},"4":{"start":{"line":20,"column":23},"end":{"line":40,"column":3}},"5":{"start":{"line":21,"column":4},"end":{"line":39,"column":5}},"6":{"start":{"line":22,"column":6},"end":{"line":26,"column":8}},"7":{"start":{"line":28,"column":6},"end":{"line":38,"column":9}},"8":{"start":{"line":33,"column":33},"end":{"line":33,"column":51}},"9":{"start":{"line":34,"column":12},"end":{"line":34,"column":65}},"10":{"start":{"line":35,"column":12},"end":{"line":35,"column":37}},"11":{"start":{"line":42,"column":23},"end":{"line":44,"column":16}},"12":{"start":{"line":43,"column":4},"end":{"line":43,"column":29}},"13":{"start":{"line":46,"column":21},"end":{"line":56,"column":3}},"14":{"start":{"line":48,"column":6},"end":{"line":53,"column":8}},"15":{"start":{"line":51,"column":30},"end":{"line":51,"column":56}},"16":{"start":{"line":58,"column":2},"end":{"line":82,"column":4}},"17":{"start":{"line":62,"column":39},"end":{"line":62,"column":62}}},"fnMap":{"0":{"name":"(anonymous_0)","decl":{"start":{"line":14,"column":57},"end":{"line":14,"column":58}},"loc":{"start":{"line":14,"column":75},"end":{"line":83,"column":1}},"line":14},"1":{"name":"(anonymous_1)","decl":{"start":{"line":17,"column":4},"end":{"line":17,"column":5}},"loc":{"start":{"line":17,"column":26},"end":{"line":17,"column":45}},"line":17},"2":{"name":"(anonymous_2)","decl":{"start":{"line":20,"column":23},"end":{"line":20,"column":24}},"loc":{"start":{"line":20,"column":29},"end":{"line":40,"column":3}},"line":20},"3":{"name":"(anonymous_3)","decl":{"start":{"line":25,"column":31},"end":{"line":25,"column":32}},"loc":{"start":{"line":25,"column":37},"end":{"line":25,"column":39}},"line":25},"4":{"name":"(anonymous_4)","decl":{"start":{"line":29,"column":34},"end":{"line":29,"column":35}},"loc":{"start":{"line":29,"column":40},"end":{"line":29,"column":42}},"line":29},"5":{"name":"(anonymous_5)","decl":{"start":{"line":32,"column":19},"end":{"line":32,"column":20}},"loc":{"start":{"line":32,"column":25},"end":{"line":36,"column":11}},"line":32},"6":{"name":"(anonymous_6)","decl":{"start":{"line":42,"column":35},"end":{"line":42,"column":36}},"loc":{"start":{"line":42,"column":41},"end":{"line":44,"column":3}},"line":42},"7":{"name":"(anonymous_7)","decl":{"start":{"line":47,"column":4},"end":{"line":47,"column":5}},"loc":{"start":{"line":48,"column":6},"end":{"line":53,"column":8}},"line":48},"8":{"name":"(anonymous_8)","decl":{"start":{"line":51,"column":23},"end":{"line":51,"column":24}},"loc":{"start":{"line":51,"column":30},"end":{"line":51,"column":56}},"line":51},"9":{"name":"(anonymous_9)","decl":{"start":{"line":62,"column":22},"end":{"line":62,"column":23}},"loc":{"start":{"line":62,"column":39},"end":{"line":62,"column":62}},"line":62}},"branchMap":{"0":{"loc":{"start":{"line":21,"column":4},"end":{"line":39,"column":5}},"type":"if","locations":[{"start":{"line":21,"column":4},"end":{"line":39,"column":5}},{"start":{"line":27,"column":11},"end":{"line":39,"column":5}}],"line":21},"1":{"loc":{"start":{"line":51,"column":10},"end":{"line":51,"column":73}},"type":"binary-expr","locations":[{"start":{"line":51,"column":10},"end":{"line":51,"column":65}},{"start":{"line":51,"column":69},"end":{"line":51,"column":73}}],"line":51}},"s":{"0":1,"1":4,"2":4,"3":0,"4":4,"5":2,"6":1,"7":1,"8":1,"9":1,"10":1,"11":4,"12":1,"13":4,"14":40,"15":74,"16":4,"17":44},"f":{"0":4,"1":0,"2":2,"3":1,"4":0,"5":1,"6":1,"7":40,"8":74,"9":44},"b":{"0":[1,1],"1":[40,28]},"_coverageSchema":"1a1c01bbd47fc00a2c39e90264f33305004495a9","hash":"1ffb22110f0961c171821d7cf2d77cc53f12ab88"}
,"/Users/tnc/Desktop/Practice/RiskProfileApp/src/screens/Questionnaire/constants.ts": {"path":"/Users/tnc/Desktop/Practice/RiskProfileApp/src/screens/Questionnaire/constants.ts","statementMap":{"0":{"start":{"line":1,"column":37},"end":{"line":100,"column":1}}},"fnMap":{},"branchMap":{},"s":{"0":1},"f":{},"b":{},"_coverageSchema":"1a1c01bbd47fc00a2c39e90264f33305004495a9","hash":"945d88be04f565cd09c0ff16b46551e38a4afb66"}
,"/Users/tnc/Desktop/Practice/RiskProfileApp/src/screens/Questionnaire/styles.ts": {"path":"/Users/tnc/Desktop/Practice/RiskProfileApp/src/screens/Questionnaire/styles.ts","statementMap":{"0":{"start":{"line":4,"column":22},"end":{"line":23,"column":2}}},"fnMap":{},"branchMap":{},"s":{"0":1},"f":{},"b":{},"_coverageSchema":"1a1c01bbd47fc00a2c39e90264f33305004495a9","hash":"8cd310ef3deb5964d9d78e46e1e16dfebc12867a"}
,"/Users/tnc/Desktop/Practice/RiskProfileApp/src/screens/Result/ResultScreen.tsx": {"path":"/Users/tnc/Desktop/Practice/RiskProfileApp/src/screens/Result/ResultScreen.tsx","statementMap":{"0":{"start":{"line":17,"column":50},"end":{"line":72,"column":1}},"1":{"start":{"line":18,"column":16},"end":{"line":18,"column":67}},"2":{"start":{"line":20,"column":32},"end":{"line":20,"column":44}},"3":{"start":{"line":21,"column":19},"end":{"line":21,"column":32}},"4":{"start":{"line":22,"column":18},"end":{"line":22,"column":35}},"5":{"start":{"line":24,"column":23},"end":{"line":27,"column":3}},"6":{"start":{"line":25,"column":4},"end":{"line":25,"column":29}},"7":{"start":{"line":26,"column":4},"end":{"line":26,"column":41}},"8":{"start":{"line":29,"column":2},"end":{"line":34,"column":16}},"9":{"start":{"line":30,"column":4},"end":{"line":33,"column":7}},"10":{"start":{"line":36,"column":24},"end":{"line":40,"column":4}},"11":{"start":{"line":37,"column":4},"end":{"line":39,"column":6}},"12":{"start":{"line":42,"column":2},"end":{"line":71,"column":4}}},"fnMap":{"0":{"name":"(anonymous_0)","decl":{"start":{"line":17,"column":50},"end":{"line":17,"column":51}},"loc":{"start":{"line":17,"column":68},"end":{"line":72,"column":1}},"line":17},"1":{"name":"(anonymous_1)","decl":{"start":{"line":24,"column":23},"end":{"line":24,"column":24}},"loc":{"start":{"line":24,"column":29},"end":{"line":27,"column":3}},"line":24},"2":{"name":"(anonymous_2)","decl":{"start":{"line":29,"column":12},"end":{"line":29,"column":13}},"loc":{"start":{"line":29,"column":18},"end":{"line":34,"column":3}},"line":29},"3":{"name":"(anonymous_3)","decl":{"start":{"line":36,"column":41},"end":{"line":36,"column":42}},"loc":{"start":{"line":36,"column":47},"end":{"line":40,"column":3}},"line":36}},"branchMap":{},"s":{"0":0,"1":0,"2":0,"3":0,"4":0,"5":0,"6":0,"7":0,"8":0,"9":0,"10":0,"11":0,"12":0},"f":{"0":0,"1":0,"2":0,"3":0},"b":{}}
,"/Users/tnc/Desktop/Practice/RiskProfileApp/src/screens/Result/styles.ts": {"path":"/Users/tnc/Desktop/Practice/RiskProfileApp/src/screens/Result/styles.ts","statementMap":{"0":{"start":{"line":4,"column":22},"end":{"line":49,"column":2}}},"fnMap":{},"branchMap":{},"s":{"0":0},"f":{},"b":{}}
,"/Users/tnc/Desktop/Practice/RiskProfileApp/src/screens/Splash/SplashScreen.tsx": {"path":"/Users/tnc/Desktop/Practice/RiskProfileApp/src/screens/Splash/SplashScreen.tsx","statementMap":{"0":{"start":{"line":7,"column":31},"end":{"line":31,"column":1}},"1":{"start":{"line":8,"column":21},"end":{"line":8,"column":36}},"2":{"start":{"line":10,"column":2},"end":{"line":20,"column":19}},"3":{"start":{"line":11,"column":18},"end":{"line":17,"column":12}},"4":{"start":{"line":12,"column":6},"end":{"line":16,"column":8}},"5":{"start":{"line":19,"column":4},"end":{"line":19,"column":37}},"6":{"start":{"line":19,"column":17},"end":{"line":19,"column":36}},"7":{"start":{"line":22,"column":2},"end":{"line":30,"column":4}}},"fnMap":{"0":{"name":"(anonymous_0)","decl":{"start":{"line":7,"column":31},"end":{"line":7,"column":32}},"loc":{"start":{"line":7,"column":37},"end":{"line":31,"column":1}},"line":7},"1":{"name":"(anonymous_1)","decl":{"start":{"line":10,"column":12},"end":{"line":10,"column":13}},"loc":{"start":{"line":10,"column":18},"end":{"line":20,"column":3}},"line":10},"2":{"name":"(anonymous_2)","decl":{"start":{"line":11,"column":29},"end":{"line":11,"column":30}},"loc":{"start":{"line":11,"column":35},"end":{"line":17,"column":5}},"line":11},"3":{"name":"(anonymous_3)","decl":{"start":{"line":19,"column":11},"end":{"line":19,"column":12}},"loc":{"start":{"line":19,"column":17},"end":{"line":19,"column":36}},"line":19}},"branchMap":{},"s":{"0":0,"1":0,"2":0,"3":0,"4":0,"5":0,"6":0,"7":0},"f":{"0":0,"1":0,"2":0,"3":0},"b":{}}
,"/Users/tnc/Desktop/Practice/RiskProfileApp/src/screens/Splash/styles.ts": {"path":"/Users/tnc/Desktop/Practice/RiskProfileApp/src/screens/Splash/styles.ts","statementMap":{"0":{"start":{"line":4,"column":22},"end":{"line":20,"column":2}}},"fnMap":{},"branchMap":{},"s":{"0":0},"f":{},"b":{}}
,"/Users/tnc/Desktop/Practice/RiskProfileApp/src/store/slices/questionnaireSlice.ts": {"path":"/Users/tnc/Desktop/Practice/RiskProfileApp/src/store/slices/questionnaireSlice.ts","statementMap":{"0":{"start":{"line":3,"column":41},"end":{"line":6,"column":1}},"1":{"start":{"line":8,"column":23},"end":{"line":10,"column":1}},"2":{"start":{"line":9,"column":2},"end":{"line":9,"column":77}},"3":{"start":{"line":9,"column":43},"end":{"line":9,"column":72}},"4":{"start":{"line":12,"column":27},"end":{"line":32,"column":2}},"5":{"start":{"line":17,"column":20},"end":{"line":19,"column":7}},"6":{"start":{"line":18,"column":15},"end":{"line":18,"column":62}},"7":{"start":{"line":20,"column":6},"end":{"line":24,"column":7}},"8":{"start":{"line":21,"column":8},"end":{"line":21,"column":45}},"9":{"start":{"line":23,"column":8},"end":{"line":23,"column":47}},"10":{"start":{"line":25,"column":6},"end":{"line":25,"column":51}},"11":{"start":{"line":28,"column":6},"end":{"line":28,"column":25}},"12":{"start":{"line":29,"column":6},"end":{"line":29,"column":22}},"13":{"start":{"line":34,"column":41},"end":{"line":34,"column":67}}},"fnMap":{"0":{"name":"(anonymous_0)","decl":{"start":{"line":8,"column":23},"end":{"line":8,"column":24}},"loc":{"start":{"line":8,"column":46},"end":{"line":10,"column":1}},"line":8},"1":{"name":"(anonymous_1)","decl":{"start":{"line":9,"column":24},"end":{"line":9,"column":25}},"loc":{"start":{"line":9,"column":43},"end":{"line":9,"column":72}},"line":9},"2":{"name":"(anonymous_2)","decl":{"start":{"line":16,"column":15},"end":{"line":16,"column":16}},"loc":{"start":{"line":16,"column":57},"end":{"line":26,"column":5}},"line":16},"3":{"name":"(anonymous_3)","decl":{"start":{"line":18,"column":8},"end":{"line":18,"column":9}},"loc":{"start":{"line":18,"column":15},"end":{"line":18,"column":62}},"line":18},"4":{"name":"(anonymous_4)","decl":{"start":{"line":27,"column":18},"end":{"line":27,"column":19}},"loc":{"start":{"line":27,"column":27},"end":{"line":30,"column":5}},"line":27}},"branchMap":{"0":{"loc":{"start":{"line":20,"column":6},"end":{"line":24,"column":7}},"type":"if","locations":[{"start":{"line":20,"column":6},"end":{"line":24,"column":7}},{"start":{"line":22,"column":13},"end":{"line":24,"column":7}}],"line":20}},"s":{"0":3,"1":3,"2":1,"3":1,"4":3,"5":1,"6":0,"7":1,"8":1,"9":0,"10":1,"11":1,"12":1,"13":3},"f":{"0":1,"1":1,"2":1,"3":0,"4":1},"b":{"0":[1,0]},"_coverageSchema":"1a1c01bbd47fc00a2c39e90264f33305004495a9","hash":"6237a95ed8dfcf52ec39c373551a82082315214f"}
,"/Users/tnc/Desktop/Practice/RiskProfileApp/src/theme/colors.ts": {"path":"/Users/tnc/Desktop/Practice/RiskProfileApp/src/theme/colors.ts","statementMap":{"0":{"start":{"line":1,"column":15},"end":{"line":44,"column":1}}},"fnMap":{},"branchMap":{},"s":{"0":4},"f":{},"b":{},"_coverageSchema":"1a1c01bbd47fc00a2c39e90264f33305004495a9","hash":"2069fd776be558bf8641f31d9b7ee43d43ab43eb"}
,"/Users/tnc/Desktop/Practice/RiskProfileApp/src/utils/calculateRisk.ts": {"path":"/Users/tnc/Desktop/Practice/RiskProfileApp/src/utils/calculateRisk.ts","statementMap":{"0":{"start":{"line":3,"column":27},"end":{"line":24,"column":1}},"1":{"start":{"line":4,"column":2},"end":{"line":10,"column":3}},"2":{"start":{"line":5,"column":4},"end":{"line":9,"column":6}},"3":{"start":{"line":11,"column":2},"end":{"line":23,"column":3}},"4":{"start":{"line":12,"column":4},"end":{"line":16,"column":6}},"5":{"start":{"line":18,"column":4},"end":{"line":22,"column":6}}},"fnMap":{"0":{"name":"(anonymous_0)","decl":{"start":{"line":3,"column":27},"end":{"line":3,"column":28}},"loc":{"start":{"line":3,"column":46},"end":{"line":24,"column":1}},"line":3}},"branchMap":{"0":{"loc":{"start":{"line":4,"column":2},"end":{"line":10,"column":3}},"type":"if","locations":[{"start":{"line":4,"column":2},"end":{"line":10,"column":3}},{"start":{},"end":{}}],"line":4},"1":{"loc":{"start":{"line":11,"column":2},"end":{"line":23,"column":3}},"type":"if","locations":[{"start":{"line":11,"column":2},"end":{"line":23,"column":3}},{"start":{"line":17,"column":9},"end":{"line":23,"column":3}}],"line":11}},"s":{"0":2,"1":4,"2":2,"3":2,"4":1,"5":1},"f":{"0":4},"b":{"0":[2,2],"1":[1,1]},"_coverageSchema":"1a1c01bbd47fc00a2c39e90264f33305004495a9","hash":"189900f8523d6f086eb3268d95ea6a003191ef50"}
}
