TN:
SF:src/components/CustomButton/CustomButton.tsx
FN:6,(anonymous_0)
FNF:1
FNH:1
FNDA:10,(anonymous_0)
DA:6,2
DA:14,10
LF:2
LH:2
BRDA:9,0,0,1
BRDA:10,1,0,1
BRDA:11,2,0,1
BRDA:12,3,0,8
BRF:4
BRH:4
end_of_record
TN:
SF:src/components/CustomButton/styles.ts
FNF:0
FNH:0
DA:4,2
LF:1
LH:1
BRF:0
BRH:0
end_of_record
TN:
SF:src/components/Question/Questions.tsx
FN:17,(anonymous_0)
FN:21,(anonymous_1)
FN:34,(anonymous_2)
FN:39,(anonymous_3)
FN:46,(anonymous_4)
FN:62,(anonymous_5)
FNF:6
FNH:6
FNDA:156,(anonymous_0)
FNDA:1,(anonymous_1)
FNDA:42,(anonymous_2)
FNDA:1,(anonymous_3)
FNDA:156,(anonymous_4)
FNDA:198,(anonymous_5)
DA:17,2
DA:18,156
DA:21,1
DA:34,2
DA:35,42
DA:36,42
DA:38,42
DA:40,1
DA:45,42
DA:47,156
DA:56,42
DA:62,198
LF:12
LH:12
BRDA:20,0,0,156
BRDA:20,0,1,12
BRDA:23,1,0,156
BRDA:23,1,1,12
BRDA:24,2,0,156
BRDA:24,2,1,12
BRDA:27,3,0,156
BRDA:27,3,1,12
BRF:8
BRH:8
end_of_record
TN:
SF:src/components/Question/styles.ts
FNF:0
FNH:0
DA:4,2
LF:1
LH:1
BRF:0
BRH:0
end_of_record
TN:
SF:src/navigation/AppNavigator.tsx
FN:10,(anonymous_0)
FNF:1
FNH:0
FNDA:0,(anonymous_0)
DA:8,0
DA:10,0
DA:11,0
LF:3
LH:0
BRF:0
BRH:0
end_of_record
TN:
SF:src/screens/Questionnaire/QuestionnaireScreen.tsx
FN:14,(anonymous_0)
FN:17,(anonymous_1)
FN:20,(anonymous_2)
FN:25,(anonymous_3)
FN:29,(anonymous_4)
FN:32,(anonymous_5)
FN:42,(anonymous_6)
FN:47,(anonymous_7)
FN:51,(anonymous_8)
FN:62,(anonymous_9)
FNF:10
FNH:8
FNDA:4,(anonymous_0)
FNDA:0,(anonymous_1)
FNDA:2,(anonymous_2)
FNDA:1,(anonymous_3)
FNDA:0,(anonymous_4)
FNDA:1,(anonymous_5)
FNDA:1,(anonymous_6)
FNDA:40,(anonymous_7)
FNDA:74,(anonymous_8)
FNDA:44,(anonymous_9)
DA:14,1
DA:15,4
DA:16,4
DA:17,0
DA:20,4
DA:21,2
DA:22,1
DA:28,1
DA:33,1
DA:34,1
DA:35,1
DA:42,4
DA:43,1
DA:46,4
DA:48,40
DA:51,74
DA:58,4
DA:62,44
LF:18
LH:17
BRDA:21,0,0,1
BRDA:21,0,1,1
BRDA:51,1,0,40
BRDA:51,1,1,28
BRF:4
BRH:4
end_of_record
TN:
SF:src/screens/Questionnaire/constants.ts
FNF:0
FNH:0
DA:1,1
LF:1
LH:1
BRF:0
BRH:0
end_of_record
TN:
SF:src/screens/Questionnaire/styles.ts
FNF:0
FNH:0
DA:4,1
LF:1
LH:1
BRF:0
BRH:0
end_of_record
TN:
SF:src/screens/Result/ResultScreen.tsx
FN:17,(anonymous_0)
FN:24,(anonymous_1)
FN:29,(anonymous_2)
FN:36,(anonymous_3)
FNF:4
FNH:0
FNDA:0,(anonymous_0)
FNDA:0,(anonymous_1)
FNDA:0,(anonymous_2)
FNDA:0,(anonymous_3)
DA:17,0
DA:18,0
DA:20,0
DA:21,0
DA:22,0
DA:24,0
DA:25,0
DA:26,0
DA:29,0
DA:30,0
DA:36,0
DA:37,0
DA:42,0
LF:13
LH:0
BRF:0
BRH:0
end_of_record
TN:
SF:src/screens/Result/styles.ts
FNF:0
FNH:0
DA:4,0
LF:1
LH:0
BRF:0
BRH:0
end_of_record
TN:
SF:src/screens/Splash/SplashScreen.tsx
FN:7,(anonymous_0)
FN:10,(anonymous_1)
FN:11,(anonymous_2)
FN:19,(anonymous_3)
FNF:4
FNH:0
FNDA:0,(anonymous_0)
FNDA:0,(anonymous_1)
FNDA:0,(anonymous_2)
FNDA:0,(anonymous_3)
DA:7,0
DA:8,0
DA:10,0
DA:11,0
DA:12,0
DA:19,0
DA:22,0
LF:7
LH:0
BRF:0
BRH:0
end_of_record
TN:
SF:src/screens/Splash/styles.ts
FNF:0
FNH:0
DA:4,0
LF:1
LH:0
BRF:0
BRH:0
end_of_record
TN:
SF:src/store/slices/questionnaireSlice.ts
FN:8,(anonymous_0)
FN:9,(anonymous_1)
FN:16,(anonymous_2)
FN:18,(anonymous_3)
FN:27,(anonymous_4)
FNF:5
FNH:4
FNDA:1,(anonymous_0)
FNDA:1,(anonymous_1)
FNDA:1,(anonymous_2)
FNDA:0,(anonymous_3)
FNDA:1,(anonymous_4)
DA:3,3
DA:8,3
DA:9,1
DA:12,3
DA:17,1
DA:18,0
DA:20,1
DA:21,1
DA:23,0
DA:25,1
DA:28,1
DA:29,1
DA:34,3
LF:13
LH:11
BRDA:20,0,0,1
BRDA:20,0,1,0
BRF:2
BRH:1
end_of_record
TN:
SF:src/theme/colors.ts
FNF:0
FNH:0
DA:1,4
LF:1
LH:1
BRF:0
BRH:0
end_of_record
TN:
SF:src/utils/calculateRisk.ts
FN:3,(anonymous_0)
FNF:1
FNH:1
FNDA:4,(anonymous_0)
DA:3,2
DA:4,4
DA:5,2
DA:11,2
DA:12,1
DA:18,1
LF:6
LH:6
BRDA:4,0,0,2
BRDA:4,0,1,2
BRDA:11,1,0,1
BRDA:11,1,1,1
BRF:4
BRH:4
end_of_record
